0 info it worked if it ends with ok
1 verbose cli [ 'C:\\Program Files\\nodejs\\\\node.exe',
1 verbose cli   'C:\\Program Files\\nodejs\\node_modules\\npm\\bin\\npm-cli.js',
1 verbose cli   'install',
1 verbose cli   'fs' ]
2 info using npm@1.2.30
3 info using node@v0.10.11
4 verbose node symlink C:\Program Files\nodejs\\node.exe
5 verbose read json C:\localhost\www\nodejs\node_rw\package.json
6 warn package.json application-name@0.0.1 No repository field.
7 verbose read json C:\localhost\www\nodejs\node_rw\node_modules\derby\package.json
8 verbose read json C:\localhost\www\nodejs\node_rw\node_modules\express\package.json
9 verbose read json C:\localhost\www\nodejs\node_rw\node_modules\gzippo\package.json
10 verbose read json C:\localhost\www\nodejs\node_rw\node_modules\jade\package.json
11 verbose read json C:\localhost\www\nodejs\node_rw\node_modules\moment\package.json
12 verbose read json C:\localhost\www\nodejs\node_rw\node_modules\mongojs\package.json
13 verbose read json C:\localhost\www\nodejs\node_rw\node_modules\stylus\package.json
14 verbose read json C:\localhost\www\nodejs\node_rw\node_modules\validator\package.json
15 warn package.json moment@1.4.0 dev-dependencies should probably be devDependencies.
16 verbose from cache C:\localhost\www\nodejs\node_rw\package.json
17 verbose readDependencies using package.json deps
18 verbose cache add [ 'fs', null ]
19 verbose cache add name=undefined spec="fs" args=["fs",null]
20 verbose parsed url { protocol: null,
20 verbose parsed url   slashes: null,
20 verbose parsed url   auth: null,
20 verbose parsed url   host: null,
20 verbose parsed url   port: null,
20 verbose parsed url   hostname: null,
20 verbose parsed url   hash: null,
20 verbose parsed url   search: null,
20 verbose parsed url   query: null,
20 verbose parsed url   pathname: 'fs',
20 verbose parsed url   path: 'fs',
20 verbose parsed url   href: 'fs' }
21 silly lockFile 3f4bb586-fs fs
22 verbose lock fs C:\Users\Russom Woldezghi\AppData\Roaming\npm-cache\3f4bb586-fs.lock
23 silly lockFile 3f4bb586-fs fs
24 silly lockFile 3f4bb586-fs fs
25 verbose addNamed [ 'fs', '' ]
26 verbose addNamed [ null, '' ]
27 silly lockFile a107b96b-fs fs@
28 verbose lock fs@ C:\Users\Russom Woldezghi\AppData\Roaming\npm-cache\a107b96b-fs.lock
29 silly addNameRange { name: 'fs', range: '', hasData: false }
30 verbose url raw fs
31 verbose url resolving [ 'https://registry.npmjs.org/', './fs' ]
32 verbose url resolved https://registry.npmjs.org/fs
33 info trying registry request attempt 1 at 22:48:47
34 http GET https://registry.npmjs.org/fs
35 http 404 https://registry.npmjs.org/fs
36 silly registry.get cb [ 404,
36 silly registry.get   { server: 'CouchDB/1.3.1 (Erlang OTP/R15B03)',
36 silly registry.get     date: 'Mon, 16 Sep 2013 02:48:47 GMT',
36 silly registry.get     'content-type': 'application/json',
36 silly registry.get     'content-length': '52',
36 silly registry.get     'cache-control': 'must-revalidate' } ]
37 silly lockFile a107b96b-fs fs@
38 silly lockFile a107b96b-fs fs@
39 error 404 'fs' is not in the npm registry.
39 error 404 You should bug the author to publish it
39 error 404
39 error 404 Note that you can also install from a
39 error 404 tarball, folder, or http url, or git url.
40 error System Windows_NT 6.1.7601
41 error command "C:\\Program Files\\nodejs\\\\node.exe" "C:\\Program Files\\nodejs\\node_modules\\npm\\bin\\npm-cli.js" "install" "fs"
42 error cwd C:\localhost\www\nodejs\node_rw
43 error node -v v0.10.11
44 error npm -v 1.2.30
45 error code E404
46 verbose exit [ 1, true ]
